[debug] [2019-11-01T18:00:22.671Z] ----------------------------------------------------------------------
[debug] [2019-11-01T18:00:22.673Z] Command:       C:\Program Files\nodejs\node.exe C:\Users\chris\AppData\Roaming\npm\node_modules\firebase-tools\lib\bin\firebase.js init
[debug] [2019-11-01T18:00:22.674Z] CLI Version:   6.7.0
[debug] [2019-11-01T18:00:22.674Z] Platform:      win32
[debug] [2019-11-01T18:00:22.674Z] Node Version:  v10.16.3
[debug] [2019-11-01T18:00:22.675Z] Time:          Fri Nov 01 2019 19:00:22 GMT+0100 (GMT+01:00)
[debug] [2019-11-01T18:00:22.675Z] ----------------------------------------------------------------------
[debug] 
[debug] [2019-11-01T18:00:22.684Z] > command requires scopes: ["email","openid","https://www.googleapis.com/auth/cloudplatformprojects.readonly","https://www.googleapis.com/auth/firebase","https://www.googleapis.com/auth/cloud-platform"]
[debug] [2019-11-01T18:00:22.684Z] > authorizing via signed-in user
[info] 
     ######## #### ########  ######## ########     ###     ######  ########
     ##        ##  ##     ## ##       ##     ##  ##   ##  ##       ##
     ######    ##  ########  ######   ########  #########  ######  ######
     ##        ##  ##    ##  ##       ##     ## ##     ##       ## ##
     ##       #### ##     ## ######## ########  ##     ##  ######  ########

You're about to initialize a Firebase project in this directory:

  C:\Programming\brueckentag-gen

Before we get started, keep in mind:

  * You are currently outside your home directory

